<?xml version="1.0" encoding="UTF-8"?>
<!-- Generated by org.testng.reporters.JUnitXMLReporter -->
<testsuite ignored="0" hostname="Bharath" failures="0" tests="4" name="Test" time="4.854" errors="0" timestamp="2025-03-03T22:20:26 IST">
  <testcase classname="com.creatio.crm.api.tests.ApiTest" name="verifyCreateRepositoryRequestWithValidUser" time="2.955"/>
  <testcase classname="com.creatio.crm.api.tests.ApiTest" name="verifyUpdateRepositoryRequestWithValidUser" time="0.652"/>
  <testcase classname="com.creatio.crm.api.tests.ApiTest" name="verifyGetRepositoryRequestWithValidUser" time="0.4"/>
  <testcase classname="com.creatio.crm.api.tests.ApiTest" name="verifyDeleteRepositoryRequestWithValidUser" time="0.518"/>
</testsuite> <!-- Test -->
