<?xml version="1.0" encoding="UTF-8"?>
<testng-results ignored="0" total="4" passed="4" failed="0" skipped="0">
  <reporter-output>
  </reporter-output>
  <suite started-at="2025-03-03T22:20:21 IST" name="Suite" finished-at="2025-03-03T22:20:26 IST" duration-ms="4854">
    <groups>
    </groups>
    <test started-at="2025-03-03T22:20:21 IST" name="Test" finished-at="2025-03-03T22:20:26 IST" duration-ms="4854">
      <class name="com.creatio.crm.api.tests.ApiTest">
        <test-method is-config="true" signature="setupReport()[pri:0, instance:com.creatio.crm.api.tests.ApiTest@3a93b025]" started-at="2025-03-03T22:20:21 IST" name="setupReport" finished-at="2025-03-03T22:20:21 IST" duration-ms="126" status="PASS">
          <reporter-output>
          </reporter-output>
        </test-method> <!-- setupReport -->
        <test-method signature="verifyCreateRepositoryRequestWithValidUser()[pri:1, instance:com.creatio.crm.api.tests.ApiTest@3a93b025]" started-at="2025-03-03T22:20:21 IST" name="verifyCreateRepositoryRequestWithValidUser" finished-at="2025-03-03T22:20:24 IST" duration-ms="2955" status="PASS">
          <reporter-output>
          </reporter-output>
        </test-method> <!-- verifyCreateRepositoryRequestWithValidUser -->
        <test-method signature="verifyUpdateRepositoryRequestWithValidUser()[pri:2, instance:com.creatio.crm.api.tests.ApiTest@3a93b025]" started-at="2025-03-03T22:20:24 IST" name="verifyUpdateRepositoryRequestWithValidUser" finished-at="2025-03-03T22:20:25 IST" duration-ms="652" status="PASS">
          <reporter-output>
          </reporter-output>
        </test-method> <!-- verifyUpdateRepositoryRequestWithValidUser -->
        <test-method signature="verifyGetRepositoryRequestWithValidUser()[pri:3, instance:com.creatio.crm.api.tests.ApiTest@3a93b025]" started-at="2025-03-03T22:20:25 IST" name="verifyGetRepositoryRequestWithValidUser" finished-at="2025-03-03T22:20:25 IST" duration-ms="400" status="PASS">
          <reporter-output>
          </reporter-output>
        </test-method> <!-- verifyGetRepositoryRequestWithValidUser -->
        <test-method signature="verifyDeleteRepositoryRequestWithValidUser()[pri:4, instance:com.creatio.crm.api.tests.ApiTest@3a93b025]" started-at="2025-03-03T22:20:25 IST" name="verifyDeleteRepositoryRequestWithValidUser" finished-at="2025-03-03T22:20:26 IST" duration-ms="518" status="PASS">
          <reporter-output>
          </reporter-output>
        </test-method> <!-- verifyDeleteRepositoryRequestWithValidUser -->
      </class> <!-- com.creatio.crm.api.tests.ApiTest -->
    </test> <!-- Test -->
  </suite> <!-- Suite -->
</testng-results>
